Using pre-set license
Built from '2020.3/staging' branch; Version is '2020.3.20f1 (41c4e627c95f) revision 4310246'; Using compiler version '192528614'; Build Type 'Release'
OS: 'Windows 10 Home; OS build 19043.2006; Version 2009; 64bit' Language: 'ko' Physical Memory: 8079 MB
BatchMode: 1, IsHumanControllingUs: 0, StartBugReporterOnCrash: 0, Is64bit: 1, IsPro: 0

COMMAND LINE ARGUMENTS:
E:\2020.3.20f1\Editor\Unity.exe
-adb2
-batchMode
-noUpm
-name
AssetImportWorker2
-projectPath
E:/2020.3.20f1/SpaceSimulation/SpaceSimulation/SpaceSimulation
-logFile
Logs/AssetImportWorker2.log
-srvPort
52296
Successfully changed project path to: E:/2020.3.20f1/SpaceSimulation/SpaceSimulation/SpaceSimulation
E:/2020.3.20f1/SpaceSimulation/SpaceSimulation/SpaceSimulation
Using Asset Import Pipeline V2.
